
🔁 Stage: TUNED, Model: gemma

Loading checkpoint shards:   0%|          | 0/4 [00:00<?, ?it/s]
Loading checkpoint shards:  25%|██▌       | 1/4 [00:27<01:22, 27.45s/it]
Loading checkpoint shards:  50%|█████     | 2/4 [00:44<00:42, 21.21s/it]
Loading checkpoint shards:  75%|███████▌  | 3/4 [00:52<00:15, 15.31s/it]
Loading checkpoint shards: 100%|██████████| 4/4 [01:04<00:00, 14.14s/it]
Loading checkpoint shards: 100%|██████████| 4/4 [01:04<00:00, 16.23s/it]

  0%|          | 0/1000 [00:00<?, ?it/s]The following generation flags are not valid and may be ignored: ['temperature', 'top_p']. Set `TRANSFORMERS_VERBOSITY=info` for more details.

  0%|          | 1/1000 [00:24<6:50:55, 24.68s/it]The following generation flags are not valid and may be ignored: ['temperature', 'top_p']. Set `TRANSFORMERS_VERBOSITY=info` for more details.

  0%|          | 2/1000 [00:47<6:35:54, 23.80s/it]The following generation flags are not valid and may be ignored: ['temperature', 'top_p']. Set `TRANSFORMERS_VERBOSITY=info` for more details.

  0%|          | 3/1000 [01:10<6:29:59, 23.47s/it]The following generation flags are not valid and may be ignored: ['temperature', 'top_p']. Set `TRANSFORMERS_VERBOSITY=info` for more details.

  0%|          | 4/1000 [01:33<6:26:53, 23.31s/it]The following generation flags are not valid and may be ignored: ['temperature', 'top_p']. Set `TRANSFORMERS_VERBOSITY=info` for more details.

  0%|          | 5/1000 [01:57<6:27:35, 23.37s/it]The following generation flags are not valid and may be ignored: ['temperature', 'top_p']. Set `TRANSFORMERS_VERBOSITY=info` for more details.

  0%|          | 5/1000 [02:11<7:16:05, 26.30s/it]
Traceback (most recent call last):
  File "/root/AAAI2026/AlignmentGuideFineTuning/generate_model_outputs.py", line 66, in <module>
    output = generate_response(model, tokenizer, input_text)
             ^^^^^^^^^^^^^^^^^^^^^^^^^^^^^^^^^^^^^^^^^^^^^^^
  File "/root/AAAI2026/AlignmentGuideFineTuning/generate_model_outputs.py", line 29, in generate_response
    outputs = model.generate(
              ^^^^^^^^^^^^^^^
  File "/root/venv/lib/python3.12/site-packages/torch/utils/_contextlib.py", line 116, in decorate_context
    return func(*args, **kwargs)
           ^^^^^^^^^^^^^^^^^^^^^
  File "/root/venv/lib/python3.12/site-packages/transformers/generation/utils.py", line 2623, in generate
    result = self._sample(
             ^^^^^^^^^^^^^
  File "/root/venv/lib/python3.12/site-packages/transformers/generation/utils.py", line 3607, in _sample
    outputs = model_forward(**model_inputs, return_dict=True)
              ^^^^^^^^^^^^^^^^^^^^^^^^^^^^^^^^^^^^^^^^^^^^^^^
  File "/root/venv/lib/python3.12/site-packages/torch/nn/modules/module.py", line 1751, in _wrapped_call_impl
    return self._call_impl(*args, **kwargs)
           ^^^^^^^^^^^^^^^^^^^^^^^^^^^^^^^^
  File "/root/venv/lib/python3.12/site-packages/torch/nn/modules/module.py", line 1762, in _call_impl
    return forward_call(*args, **kwargs)
           ^^^^^^^^^^^^^^^^^^^^^^^^^^^^^
  File "/root/venv/lib/python3.12/site-packages/transformers/utils/generic.py", line 943, in wrapper
    output = func(self, *args, **kwargs)
             ^^^^^^^^^^^^^^^^^^^^^^^^^^^
  File "/root/venv/lib/python3.12/site-packages/transformers/models/gemma/modeling_gemma.py", line 553, in forward
    outputs: BaseModelOutputWithPast = self.model(
                                       ^^^^^^^^^^^
  File "/root/venv/lib/python3.12/site-packages/torch/nn/modules/module.py", line 1751, in _wrapped_call_impl
    return self._call_impl(*args, **kwargs)
           ^^^^^^^^^^^^^^^^^^^^^^^^^^^^^^^^
  File "/root/venv/lib/python3.12/site-packages/torch/nn/modules/module.py", line 1762, in _call_impl
    return forward_call(*args, **kwargs)
           ^^^^^^^^^^^^^^^^^^^^^^^^^^^^^
  File "/root/venv/lib/python3.12/site-packages/transformers/utils/generic.py", line 943, in wrapper
    output = func(self, *args, **kwargs)
             ^^^^^^^^^^^^^^^^^^^^^^^^^^^
  File "/root/venv/lib/python3.12/site-packages/transformers/models/gemma/modeling_gemma.py", line 441, in forward
    layer_outputs = decoder_layer(
                    ^^^^^^^^^^^^^^
  File "/root/venv/lib/python3.12/site-packages/transformers/modeling_layers.py", line 83, in __call__
    return super().__call__(*args, **kwargs)
           ^^^^^^^^^^^^^^^^^^^^^^^^^^^^^^^^^
  File "/root/venv/lib/python3.12/site-packages/torch/nn/modules/module.py", line 1751, in _wrapped_call_impl
    return self._call_impl(*args, **kwargs)
           ^^^^^^^^^^^^^^^^^^^^^^^^^^^^^^^^
  File "/root/venv/lib/python3.12/site-packages/torch/nn/modules/module.py", line 1762, in _call_impl
    return forward_call(*args, **kwargs)
           ^^^^^^^^^^^^^^^^^^^^^^^^^^^^^
  File "/root/venv/lib/python3.12/site-packages/transformers/models/gemma/modeling_gemma.py", line 303, in forward
    hidden_states = self.post_attention_layernorm(hidden_states)
                    ^^^^^^^^^^^^^^^^^^^^^^^^^^^^^^^^^^^^^^^^^^^^
  File "/root/venv/lib/python3.12/site-packages/torch/nn/modules/module.py", line 1751, in _wrapped_call_impl
    return self._call_impl(*args, **kwargs)
           ^^^^^^^^^^^^^^^^^^^^^^^^^^^^^^^^
  File "/root/venv/lib/python3.12/site-packages/torch/nn/modules/module.py", line 1762, in _call_impl
    return forward_call(*args, **kwargs)
           ^^^^^^^^^^^^^^^^^^^^^^^^^^^^^
  File "/root/venv/lib/python3.12/site-packages/transformers/models/gemma/modeling_gemma.py", line 59, in forward
    output = self._norm(x.float())
             ^^^^^^^^^^^^^^^^^^^^^
  File "/root/venv/lib/python3.12/site-packages/transformers/models/gemma/modeling_gemma.py", line 56, in _norm
    return x * torch.rsqrt(x.pow(2).mean(-1, keepdim=True) + self.eps)
                           ^^^^^^^^^^^^^^^^^^^^^^^^^^^^^^^
KeyboardInterrupt

🔁 Stage: TUNED, Model: gemma

🔁 Stage: TUNED, Model: gemma
